<fileupload size="27719259">
  <file name="account.zip" tmpfile="/home/paypeer1/tmp/Cpanel_Form_file.upload.P8sZ3fgA">
    <progress bytes="146412" bps="36489.86"></progress>
    <progress bytes="211948" bps="12650.13"></progress>
    <progress bytes="277484" bps="23858.25"></progress>
    <progress bytes="343020" bps="36779.75"></progress>
    <progress bytes="408556" bps="47777.73"></progress>
    <progress bytes="474092" bps="48149.40"></progress>
    <progress bytes="539628" bps="36775.09"></progress>
    <progress bytes="605164" bps="18923.37"></progress>
    <progress bytes="670700" bps="36628.42"></progress>
    <progress bytes="736236" bps="48159.06"></progress>
    <progress bytes="801772" bps="15883.83"></progress>
    <progress bytes="867308" bps="42241.12"></progress>
    <progress bytes="932844" bps="41461.03"></progress>
    <progress bytes="998380" bps="49341.48"></progress>
    <progress bytes="1063916" bps="44071.95"></progress>
    <progress bytes="1129452" bps="16716.55"></progress>
    <progress bytes="1194988" bps="24207.30"></progress>
    <progress bytes="1260524" bps="52606.78"></progress>
    <progress bytes="1326060" bps="49328.11"></progress>
    <progress bytes="1391596" bps="50848.39"></progress>
    <progress bytes="1457132" bps="51135.00"></progress>
    <progress bytes="1522668" bps="52759.11"></progress>
    <progress bytes="1588204" bps="39238.46"></progress>
    <progress bytes="1653740" bps="34737.70"></progress>
    <progress bytes="1719276" bps="7421.19"></progress>
    <progress bytes="1784812" bps="6950.94"></progress>
    <progress bytes="1850348" bps="9729.96"></progress>
    <progress bytes="1915884" bps="9657.26"></progress>
    <progress bytes="1981420" bps="17520.26"></progress>
    <progress bytes="2046956" bps="15349.61"></progress>
    <progress bytes="2112492" bps="25075.58"></progress>
    <progress bytes="2178028" bps="22584.62"></progress>
    <progress bytes="2243564" bps="23015.39"></progress>
    <progress bytes="2309100" bps="45055.21"></progress>
    <progress bytes="2374636" bps="29550.22"></progress>
    <progress bytes="2440172" bps="14459.38"></progress>
    <progress bytes="2505708" bps="26730.36"></progress>
    <progress bytes="2571244" bps="15506.56"></progress>
    <progress bytes="2636780" bps="29649.37"></progress>
    <progress bytes="2702316" bps="20452.86"></progress>
    <progress bytes="2767852" bps="15479.37"></progress>
    <progress bytes="2833388" bps="17918.00"></progress>
    <progress bytes="2898924" bps="37924.43"></progress>
    <progress bytes="2964460" bps="11844.22"></progress>
    <progress bytes="3029996" bps="7133.39"></progress>
    <progress bytes="3095532" bps="16731.18"></progress>
    <progress bytes="3161068" bps="18444.14"></progress>
    <progress bytes="3226604" bps="25005.72"></progress>
    <progress bytes="3292140" bps="21906.77"></progress>
    <progress bytes="3357676" bps="36046.22"></progress>
    <progress bytes="3423212" bps="26648.85"></progress>
    <progress bytes="3488748" bps="16430.66"></progress>
    <progress bytes="3554284" bps="19449.31"></progress>
    <progress bytes="3619820" bps="14776.19"></progress>
    <progress bytes="3685356" bps="13021.63"></progress>
    <progress bytes="3750892" bps="23826.44"></progress>
    <progress bytes="3816428" bps="7086.30"></progress>
    <progress bytes="3881964" bps="30235.00"></progress>
    <progress bytes="3947500" bps="19062.72"></progress>
    <progress bytes="4013036" bps="18594.96"></progress>
    <progress bytes="4078572" bps="13790.55"></progress>
    <progress bytes="4144108" bps="22365.35"></progress>
    <progress bytes="4209644" bps="48537.63"></progress>
    <progress bytes="4275180" bps="38733.46"></progress>
    <progress bytes="4340716" bps="41749.00"></progress>
    <progress bytes="4406252" bps="48413.75"></progress>
    <progress bytes="4471788" bps="42333.54"></progress>
    <progress bytes="4537324" bps="50566.81"></progress>
    <progress bytes="4602860" bps="49864.45"></progress>
    <progress bytes="4668396" bps="36559.82"></progress>
    <progress bytes="4733932" bps="65008.39"></progress>
    <progress bytes="4799468" bps="22198.99"></progress>
    <progress bytes="4865004" bps="37686.26"></progress>
    <progress bytes="4930540" bps="47160.45"></progress>
    <progress bytes="4996076" bps="50846.73"></progress>
    <progress bytes="5061612" bps="52306.57"></progress>
    <progress bytes="5127148" bps="50564.23"></progress>
    <progress bytes="5192684" bps="50997.29"></progress>
    <progress bytes="5258220" bps="51415.10"></progress>
    <progress bytes="5323756" bps="53538.46"></progress>
    <progress bytes="5389292" bps="42044.24"></progress>
    <progress bytes="5454828" bps="65697.95"></progress>
    <progress bytes="5520364" bps="47529.46"></progress>
    <progress bytes="5585900" bps="49200.09"></progress>
    <progress bytes="5651436" bps="51711.05"></progress>
    <progress bytes="5716972" bps="47029.04"></progress>
    <progress bytes="5782508" bps="24437.24"></progress>
    <progress bytes="5848044" bps="15898.45"></progress>
    <progress bytes="5913580" bps="10529.18"></progress>
    <progress bytes="5979116" bps="10187.40"></progress>
    <progress bytes="6044652" bps="36184.68"></progress>
    <progress bytes="6110188" bps="39482.23"></progress>
    <progress bytes="6175724" bps="38485.46"></progress>
    <progress bytes="6241260" bps="62772.14"></progress>
    <progress bytes="6306796" bps="52167.34"></progress>
    <progress bytes="6372332" bps="38976.83"></progress>
    <progress bytes="6437868" bps="57063.55"></progress>
    <progress bytes="6503404" bps="52003.41"></progress>
    <progress bytes="6568940" bps="51576.63"></progress>
    <progress bytes="6634476" bps="48157.82"></progress>
    <progress bytes="6700012" bps="35759.85"></progress>
    <progress bytes="6765548" bps="79492.11"></progress>
    <progress bytes="6831084" bps="50005.07"></progress>
    <progress bytes="6896620" bps="47787.00"></progress>
    <progress bytes="6962156" bps="54650.86"></progress>
    <progress bytes="7027692" bps="53855.32"></progress>
    <progress bytes="7093228" bps="36334.71"></progress>
    <progress bytes="7158764" bps="48547.23"></progress>
    <progress bytes="7224300" bps="51275.59"></progress>
    <progress bytes="7289836" bps="49729.14"></progress>
    <progress bytes="7355372" bps="49073.03"></progress>
    <progress bytes="7420908" bps="45614.57"></progress>
    <progress bytes="7486444" bps="20433.04"></progress>
    <progress bytes="7551980" bps="35695.96"></progress>
    <progress bytes="7617516" bps="40083.74"></progress>
    <progress bytes="7683052" bps="47662.09"></progress>
    <progress bytes="7748588" bps="28848.68"></progress>
    <progress bytes="7814124" bps="56184.34"></progress>
    <progress bytes="7879660" bps="20454.83"></progress>
    <progress bytes="7945196" bps="44398.92"></progress>
    <progress bytes="8010732" bps="38078.04"></progress>
    <progress bytes="8076268" bps="36404.46"></progress>
    <progress bytes="8141804" bps="30909.20"></progress>
    <progress bytes="8207340" bps="48403.99"></progress>
    <progress bytes="8272876" bps="49202.90"></progress>
    <progress bytes="8338412" bps="50011.79"></progress>
    <progress bytes="8403948" bps="49058.41"></progress>
    <progress bytes="8469484" bps="16595.24"></progress>
    <progress bytes="8535020" bps="11874.87"></progress>
    <progress bytes="8600556" bps="49735.97"></progress>
    <progress bytes="8666092" bps="53068.21"></progress>
    <progress bytes="8731628" bps="48937.74"></progress>
    <progress bytes="8797164" bps="52610.66"></progress>
    <progress bytes="8862700" bps="51136.92"></progress>
    <progress bytes="8928236" bps="48137.37"></progress>
    <progress bytes="8993772" bps="53557.67"></progress>
    <progress bytes="9059308" bps="51706.93"></progress>
    <progress bytes="9124844" bps="49202.46"></progress>
    <progress bytes="9190380" bps="50014.27"></progress>
    <progress bytes="9255916" bps="53376.90"></progress>
    <progress bytes="9321452" bps="54181.78"></progress>
    <progress bytes="9386988" bps="41843.71"></progress>
    <progress bytes="9452524" bps="51577.44"></progress>
    <progress bytes="9518060" bps="45154.95"></progress>
    <progress bytes="9583596" bps="45630.26"></progress>
    <progress bytes="9649132" bps="53854.43"></progress>
    <progress bytes="9714668" bps="54014.00"></progress>
    <progress bytes="9780204" bps="37153.44"></progress>
    <progress bytes="9845740" bps="58331.38"></progress>
    <progress bytes="9911276" bps="40270.72"></progress>
    <progress bytes="9976812" bps="63204.51"></progress>
    <progress bytes="10042348" bps="48670.14"></progress>
    <progress bytes="10107884" bps="51279.60"></progress>
    <progress bytes="10173420" bps="53387.25"></progress>
    <progress bytes="10238956" bps="51562.83"></progress>
    <progress bytes="10304492" bps="52156.79"></progress>
    <progress bytes="10370028" bps="48546.44"></progress>
    <progress bytes="10435564" bps="39065.21"></progress>
    <progress bytes="10501100" bps="61279.87"></progress>
    <progress bytes="10566636" bps="20686.85"></progress>
    <progress bytes="10632172" bps="86668.57"></progress>
    <progress bytes="10697708" bps="37460.08"></progress>
    <progress bytes="10763244" bps="57212.40"></progress>
    <progress bytes="10828780" bps="47055.41"></progress>
    <progress bytes="10894316" bps="50567.75"></progress>
    <progress bytes="10959852" bps="52001.27"></progress>
    <progress bytes="11025388" bps="51714.76"></progress>
    <progress bytes="11090924" bps="36996.50"></progress>
    <progress bytes="11156460" bps="32854.62"></progress>
    <progress bytes="11221996" bps="77827.07"></progress>
    <progress bytes="11287532" bps="49328.34"></progress>
    <progress bytes="11353068" bps="51569.45"></progress>
    <progress bytes="11418604" bps="45845.30"></progress>
    <progress bytes="11484140" bps="52767.82"></progress>
    <progress bytes="11549676" bps="52763.23"></progress>
    <progress bytes="11615212" bps="49742.69"></progress>
    <progress bytes="11680748" bps="52451.88"></progress>
    <progress bytes="11746284" bps="26691.30"></progress>
    <progress bytes="11811820" bps="45508.17"></progress>
    <progress bytes="11877356" bps="52451.42"></progress>
    <progress bytes="11942892" bps="54183.84"></progress>
    <progress bytes="12008428" bps="38160.72"></progress>
    <progress bytes="12073964" bps="76806.87"></progress>
    <progress bytes="12139500" bps="52764.81"></progress>
    <progress bytes="12205036" bps="40183.23"></progress>
    <progress bytes="12270572" bps="67929.07"></progress>
    <progress bytes="12336108" bps="51127.74"></progress>
    <progress bytes="12401644" bps="54999.52"></progress>
    <progress bytes="12467180" bps="52920.96"></progress>
    <progress bytes="12532716" bps="50566.85"></progress>
    <progress bytes="12598252" bps="53378.38"></progress>
    <progress bytes="12663788" bps="51859.71"></progress>
    <progress bytes="12729324" bps="52457.80"></progress>
    <progress bytes="12794860" bps="45850.79"></progress>
    <progress bytes="12860396" bps="50016.90"></progress>
    <progress bytes="12925932" bps="41742.28"></progress>
    <progress bytes="12991468" bps="60684.63"></progress>
    <progress bytes="13057004" bps="48678.85"></progress>
    <progress bytes="13122540" bps="50841.53"></progress>
    <progress bytes="13188076" bps="47154.95"></progress>
    <progress bytes="13253612" bps="47908.18"></progress>
    <progress bytes="13319148" bps="46558.62"></progress>
    <progress bytes="13384684" bps="48669.53"></progress>
    <progress bytes="13450220" bps="53537.02"></progress>
    <progress bytes="13515756" bps="51421.92"></progress>
    <progress bytes="13581292" bps="53850.76"></progress>
    <progress bytes="13646828" bps="15652.26"></progress>
    <progress bytes="13712364" bps="108376.09"></progress>
    <progress bytes="13777900" bps="52908.40"></progress>
    <progress bytes="13843436" bps="51711.83"></progress>
    <progress bytes="13908972" bps="38902.17"></progress>
    <progress bytes="13974508" bps="66676.23"></progress>
    <progress bytes="14040044" bps="51134.48"></progress>
    <progress bytes="14105580" bps="51711.38"></progress>
    <progress bytes="14171116" bps="37770.58"></progress>
    <progress bytes="14236652" bps="44719.42"></progress>
    <progress bytes="14302188" bps="52607.92"></progress>
    <progress bytes="14367724" bps="51276.96"></progress>
    <progress bytes="14433260" bps="49605.19"></progress>
    <progress bytes="14498796" bps="39919.45"></progress>
    <progress bytes="14564332" bps="38404.81"></progress>
    <progress bytes="14629868" bps="43648.56"></progress>
    <progress bytes="14695404" bps="20996.85"></progress>
    <progress bytes="14760940" bps="129096.56"></progress>
    <progress bytes="14826476" bps="25281.15"></progress>
    <progress bytes="14892012" bps="12460.78"></progress>
    <progress bytes="14957548" bps="27620.66"></progress>
    <progress bytes="15023084" bps="16902.59"></progress>
    <progress bytes="15088620" bps="45067.23"></progress>
    <progress bytes="15154156" bps="31116.94"></progress>
    <progress bytes="15219692" bps="22783.08"></progress>
    <progress bytes="15285228" bps="48804.43"></progress>
    <progress bytes="15350764" bps="51416.27"></progress>
    <progress bytes="15416300" bps="51860.25"></progress>
    <progress bytes="15481836" bps="38241.86"></progress>
    <progress bytes="15547372" bps="15912.91"></progress>
    <progress bytes="15612908" bps="204417.99"></progress>
    <progress bytes="15743980" bps="23780.07"></progress>
    <progress bytes="15809516" bps="53876.93"></progress>
    <progress bytes="15875052" bps="51278.08"></progress>
    <progress bytes="15940588" bps="53214.98"></progress>
    <progress bytes="16006124" bps="51711.30"></progress>
    <progress bytes="16071660" bps="31065.28"></progress>
    <progress bytes="16137196" bps="18222.46"></progress>
    <progress bytes="16202732" bps="34347.79"></progress>
    <progress bytes="16268268" bps="39651.48"></progress>
    <progress bytes="16333804" bps="47413.03"></progress>
    <progress bytes="16399340" bps="43234.97"></progress>
    <progress bytes="16464876" bps="34287.82"></progress>
    <progress bytes="16530412" bps="41273.00"></progress>
    <progress bytes="16595948" bps="38645.75"></progress>
    <progress bytes="16661484" bps="47032.89"></progress>
    <progress bytes="16727020" bps="48814.53"></progress>
    <progress bytes="16792556" bps="52305.36"></progress>
    <progress bytes="16858092" bps="43968.31"></progress>
    <progress bytes="16923628" bps="22445.37"></progress>
    <progress bytes="16989164" bps="48029.81"></progress>
    <progress bytes="17054700" bps="52475.73"></progress>
    <progress bytes="17120236" bps="41363.50"></progress>
    <progress bytes="17185772" bps="45400.64"></progress>
    <progress bytes="17251308" bps="47032.28"></progress>
    <progress bytes="17316844" bps="40724.92"></progress>
    <progress bytes="17382380" bps="42928.32"></progress>
    <progress bytes="17447916" bps="47408.50"></progress>
    <progress bytes="17513452" bps="43659.55"></progress>
    <progress bytes="17578988" bps="48140.48"></progress>
    <progress bytes="17644524" bps="45860.19"></progress>
    <progress bytes="17710060" bps="51131.05"></progress>
    <progress bytes="17775596" bps="22868.00"></progress>
    <progress bytes="17841132" bps="50996.06"></progress>
    <progress bytes="17906668" bps="52907.59"></progress>
    <progress bytes="17972204" bps="52617.80"></progress>
    <progress bytes="18037740" bps="52767.10"></progress>
    <progress bytes="18103276" bps="42134.26"></progress>
    <progress bytes="18168812" bps="70282.23"></progress>
    <progress bytes="18234348" bps="50701.15"></progress>
    <progress bytes="18299884" bps="42430.89"></progress>
    <progress bytes="18365420" bps="51865.87"></progress>
    <progress bytes="18430956" bps="35839.13"></progress>
    <progress bytes="18496492" bps="50146.38"></progress>
    <progress bytes="18562028" bps="42032.81"></progress>
    <progress bytes="18627564" bps="35280.58"></progress>
    <progress bytes="18693100" bps="42529.80"></progress>
    <progress bytes="18758636" bps="46917.53"></progress>
    <progress bytes="18824172" bps="42829.96"></progress>
    <progress bytes="18889708" bps="59686.00"></progress>
    <progress bytes="18955244" bps="40813.33"></progress>
    <progress bytes="19020780" bps="49875.15"></progress>
    <progress bytes="19086316" bps="47529.74"></progress>
    <progress bytes="19151852" bps="45969.50"></progress>
    <progress bytes="19217388" bps="49056.72"></progress>
    <progress bytes="19282924" bps="42529.33"></progress>
    <progress bytes="19348460" bps="59292.02"></progress>
    <progress bytes="19413996" bps="51276.51"></progress>
    <progress bytes="19479532" bps="53867.58"></progress>
    <progress bytes="19545068" bps="42424.03"></progress>
    <progress bytes="19610604" bps="65729.18"></progress>
    <progress bytes="19676140" bps="54016.76"></progress>
    <progress bytes="19741676" bps="38399.77"></progress>
    <progress bytes="19807212" bps="78820.77"></progress>
    <progress bytes="19872748" bps="52601.04"></progress>
    <progress bytes="19938284" bps="51425.31"></progress>
    <progress bytes="20003820" bps="40275.25"></progress>
    <progress bytes="20069356" bps="43963.45"></progress>
    <progress bytes="20134892" bps="50993.64"></progress>
    <progress bytes="20200428" bps="45388.34"></progress>
    <progress bytes="20265964" bps="50568.64"></progress>
    <progress bytes="20331500" bps="50847.05"></progress>
    <progress bytes="20397036" bps="51868.00"></progress>
    <progress bytes="20462572" bps="53689.91"></progress>
    <progress bytes="20528108" bps="36482.64"></progress>
    <progress bytes="20593644" bps="66173.78"></progress>
    <progress bytes="20659180" bps="38984.42"></progress>
    <progress bytes="20724716" bps="49330.04"></progress>
    <progress bytes="20790252" bps="33770.96"></progress>
    <progress bytes="20855788" bps="78814.51"></progress>
    <progress bytes="20921324" bps="50429.73"></progress>
    <progress bytes="20986860" bps="42828.67"></progress>
    <progress bytes="21052396" bps="56538.22"></progress>
    <progress bytes="21117932" bps="46548.50"></progress>
    <progress bytes="21183468" bps="52616.83"></progress>
    <progress bytes="21249004" bps="52455.57"></progress>
    <progress bytes="21314540" bps="29741.42"></progress>
    <progress bytes="21380076" bps="66945.61"></progress>
    <progress bytes="21445612" bps="46783.79"></progress>
    <progress bytes="21511148" bps="48942.89"></progress>
    <progress bytes="21576684" bps="49467.33"></progress>
    <progress bytes="21642220" bps="52153.06"></progress>
    <progress bytes="21707756" bps="51564.21"></progress>
    <progress bytes="21773292" bps="47160.14"></progress>
    <progress bytes="21838828" bps="48939.46"></progress>
    <progress bytes="21904364" bps="49465.43"></progress>
    <progress bytes="21969900" bps="50146.88"></progress>
    <progress bytes="22035436" bps="50283.47"></progress>
    <progress bytes="22100972" bps="50564.58"></progress>
    <progress bytes="22166508" bps="39315.53"></progress>
    <progress bytes="22232044" bps="33463.27"></progress>
    <progress bytes="22297580" bps="37920.90"></progress>
    <progress bytes="22363116" bps="50983.84"></progress>
    <progress bytes="22428652" bps="36192.76"></progress>
    <progress bytes="22494188" bps="37849.02"></progress>
    <progress bytes="22559724" bps="43137.67"></progress>
    <progress bytes="22625260" bps="49863.58"></progress>
    <progress bytes="22690796" bps="51717.17"></progress>
    <progress bytes="22756332" bps="45166.22"></progress>
    <progress bytes="22821868" bps="26573.90"></progress>
    <progress bytes="22887404" bps="48295.02"></progress>
    <progress bytes="22952940" bps="43130.40"></progress>
    <progress bytes="23018476" bps="23043.11"></progress>
    <progress bytes="23084012" bps="11120.42"></progress>
    <progress bytes="23149548" bps="35487.57"></progress>
    <progress bytes="23215084" bps="19636.37"></progress>
    <progress bytes="23280620" bps="73413.49"></progress>
    <progress bytes="23346156" bps="46795.45"></progress>
    <progress bytes="23411692" bps="50845.98"></progress>
    <progress bytes="23477228" bps="51565.55"></progress>
    <progress bytes="23542764" bps="53704.87"></progress>
    <progress bytes="23608300" bps="42830.04"></progress>
    <progress bytes="23673836" bps="19283.11"></progress>
    <progress bytes="23739372" bps="222050.55"></progress>
    <error failreason="uploadsize" failmsg="upload failed due to EOF."></error>
</fileupload>
