[20-Mar-2018 01:12:54 CST6CDT] mail() on [/home/paypeer1/public_html/signupProcess.php:114]: To: test_test@mailinator.com -- Headers: From:LiteSpeed <info@uniquecoders.in>
[20-Mar-2018 01:19:11 CST6CDT] mail() on [/home/paypeer1/public_html/signupProcess.php:114]: To: test_2@mailinator.com -- Headers: From:LiteSpeed <info@uniquecoders.in>
[20-Mar-2018 01:26:51 CST6CDT] mail() on [/home/paypeer1/public_html/forgotPasswordProcess.php:132]: To: test_2@mailinator.com -- Headers: From:LiteSpeed <info@uniquecoders.in>
[20-Mar-2018 01:28:47 CST6CDT] mail() on [/home/paypeer1/public_html/forgotPasswordProcess.php:146]: To: test_2@mailinator.com -- Headers: From:LiteSpeed <info@uniquecoders.in>
[20-Mar-2018 07:28:13 CST6CDT] mail() on [/home/paypeer1/public_html/forgotPasswordProcess.php:132]: To: gurleen_test1@mailinator.com -- Headers: From:LiteSpeed <info@uniquecoders.in>
[20-Mar-2018 07:28:33 CST6CDT] mail() on [/home/paypeer1/public_html/forgotPasswordProcess.php:146]: To: gurleen_test1@mailinator.com -- Headers: From:LiteSpeed <info@uniquecoders.in>
[21-Mar-2018 02:15:39 CST6CDT] mail() on [/home/paypeer1/public_html/signupProcess.php:148]: To: testuc22@gmail.com -- Headers: From:LiteSpeed <info@uniquecoders.in>
[21-Mar-2018 02:17:36 CST6CDT] mail() on [/home/paypeer1/public_html/signupProcess.php:149]: To: testing@mailinator.com -- Headers: From:LiteSpeed <info@uniquecoders.in>
[21-Mar-2018 02:23:24 CST6CDT] mail() on [/home/paypeer1/public_html/forgotPasswordProcess.php:133]: To: testing@mailinator.com -- Headers: From:LiteSpeed <info@uniquecoders.in>
[21-Mar-2018 02:49:43 CST6CDT] mail() on [/home/paypeer1/public_html/signupProcess.php:104]: To: ggg@mailinator.com -- Headers: From:PayPeer <support@paypeer.io>
[21-Mar-2018 02:54:58 CST6CDT] mail() on [/home/paypeer1/public_html/signupProcess.php:105]: To: gurleen_test@mailinator.com -- Headers: From:PayPeer <support@paypeer.io>
[21-Mar-2018 02:55:46 CST6CDT] mail() on [/home/paypeer1/public_html/signupProcess.php:105]: To: gurleen_test@mailinator.com -- Headers: From:PayPeer <support@paypeer.io>
[21-Mar-2018 02:57:11 CST6CDT] mail() on [/home/paypeer1/public_html/signupProcess.php:105]: To: gurleen_test@mailinator.com -- Headers: From:PayPeer <support@paypeer.io>
[21-Mar-2018 03:45:51 CST6CDT] mail() on [/home/paypeer1/public_html/signupProcess.php:105]: To: gurleen_test@mailinator.com -- Headers: From:PayPeer <support@paypeer.io>
[21-Mar-2018 03:49:19 CST6CDT] mail() on [/home/paypeer1/public_html/signupProcess.php:105]: To: testuc22@gmail.com -- Headers: From:PayPeer <support@paypeer.io>
[21-Mar-2018 03:51:44 CST6CDT] mail() on [/home/paypeer1/public_html/forgotPasswordProcess.php:122]: To: testuc22@gmail.com -- Headers: From:PayPeer <support@paypeer.io>
[22-Mar-2018 00:34:38 CST6CDT] mail() on [/home/paypeer1/public_html/signupProcess.php:105]: To: hjdavidpark@gmail.com -- Headers: From:PayPeer <support@paypeer.io>
[23-Mar-2018 11:09:14 CST6CDT] mail() on [/home/paypeer1/public_html/signupProcess.php:105]: To: contact@boxmining.com -- Headers: From:PayPeer <support@paypeer.io>
[27-Mar-2018 10:30:09 CST6CDT] mail() on [/home/paypeer1/public_html/signupProcess.php:105]: To: ethanls@protonmail.com -- Headers: From:PayPeer <support@paypeer.io>
[27-Mar-2018 22:59:57 CST6CDT] mail() on [/home/paypeer1/public_html/signupProcess.php:105]: To: testing_testing@mailinator.com -- Headers: From:PayPeer <support@paypeer.io>
[28-Mar-2018 00:30:37 CST6CDT] mail() on [/home/paypeer1/public_html/signupProcess.php:105]: To: hgfhgfh@dsfzds.gh -- Headers: From:PayPeer <support@paypeer.io>
[28-Mar-2018 20:52:26 CST6CDT] mail() on [/home/paypeer1/public_html/signupProcess.php:105]: To: farm2coin@protonmail.com -- Headers: From:PayPeer <support@paypeer.io>
[06-Apr-2018 17:47:14 CST6CDT] mail() on [/home/paypeer1/public_html/signupProcess.php:105]: To: Crypt0coin@null.net -- Headers: From:PayPeer <support@paypeer.io>
[12-Apr-2018 22:58:35 CST6CDT] mail() on [/home/paypeer1/public_html/signupProcess.php:105]: To: ychoukhan@gmail.com -- Headers: From:PayPeer <support@paypeer.io>
[19-Apr-2018 10:48:22 CST6CDT] mail() on [/home/paypeer1/public_html/signupProcess.php:105]: To: david@koolhovensystems.com -- Headers: From:PayPeer <support@paypeer.io>
[01-May-2018 16:05:53 CST6CDT] mail() on [/home/paypeer1/public_html/signupProcess.php:105]: To: pafko1@gmail.com -- Headers: From:PayPeer <support@paypeer.io>
